Using pre-set license
Built from '2020.2/staging' branch; Version is '2020.2.6f1 (8a2143876886) revision 9052483'; Using compiler version '192528614'; Build Type 'Release'
OS: 'Windows 10 Pro; OS build 19042.804; Version 2009; 64bit' Language: 'en' Physical Memory: 16300 MB
BatchMode: 1, IsHumanControllingUs: 0, StartBugReporterOnCrash: 0, Is64bit: 1, IsPro: 0

 COMMAND LINE ARGUMENTS:
C:\Program Files\Unity\Hub\Editor\2020.2.6f1\Editor\Unity.exe
-adb2
-batchMode
-noUpm
-name
AssetImportWorker0
-projectPath
D:/GameU Projects/Pro.Code/Neural-Network
-logFile
Logs/AssetImportWorker0.log
-srvPort
61557
Successfully changed project path to: D:/GameU Projects/Pro.Code/Neural-Network
D:/GameU Projects/Pro.Code/Neural-Network
Using Asset Import Pipeline V2.
Refreshing native plugins compatible for Editor in 28.32 ms, found 1 plugins.
Preloading 0 native plugins for Editor in 0.00 ms.
Initialize engine version: 2020.2.6f1 (8a2143876886)
[Subsystems] Discovering subsystems at path C:/Program Files/Unity/Hub/Editor/2020.2.6f1/Editor/Data/Resources/UnitySubsystems
[Subsystems] Discovering subsystems at path D:/GameU Projects/Pro.Code/Neural-Network/Assets
GfxDevice: creating device client; threaded=0
Direct3D:
    Version:  Direct3D 11.0 [level 11.1]
    Renderer: NVIDIA GeForce RTX 2070 (ID=0x1f02)
    Vendor:   
    VRAM:     8031 MB
    Driver:   27.21.14.6172
Initialize mono
Mono path[0] = 'C:/Program Files/Unity/Hub/Editor/2020.2.6f1/Editor/Data/Managed'
Mono path[1] = 'C:/Program Files/Unity/Hub/Editor/2020.2.6f1/Editor/Data/MonoBleedingEdge/lib/mono/unityjit'
Mono config path = 'C:/Program Files/Unity/Hub/Editor/2020.2.6f1/Editor/Data/MonoBleedingEdge/etc'
Using monoOptions --debugger-agent=transport=dt_socket,embedding=1,server=y,suspend=n,address=127.0.0.1:56952
Begin MonoManager ReloadAssembly
Registering precompiled unity dll's ...
Register platform support module: C:/Program Files/Unity/Hub/Editor/2020.2.6f1/Editor/Data/PlaybackEngines/WindowsStandaloneSupport/UnityEditor.WindowsStandalone.Extensions.dll
Registered in 0.001776 seconds.
Native extension for WindowsStandalone target not found
Refreshing native plugins compatible for Editor in 27.11 ms, found 1 plugins.
Preloading 0 native plugins for Editor in 0.00 ms.
Invoked RoslynAnalysisRunner static constructor.
RoslynAnalysisRunner will not be running.
RoslynAnalysisRunner has terminated.
Mono: successfully reloaded assembly
- Completed reload, in  0.851 seconds
Platform modules already initialized, skipping
Registering precompiled user dll's ...
Registered in 0.000607 seconds.
Begin MonoManager ReloadAssembly
Native extension for WindowsStandalone target not found
Refreshing native plugins compatible for Editor in 29.59 ms, found 1 plugins.
Preloading 0 native plugins for Editor in 0.00 ms.
Invoked RoslynAnalysisRunner static constructor.
RoslynAnalysisRunner will not be running.
RoslynAnalysisRunner has terminated.
Mono: successfully reloaded assembly
- Completed reload, in  0.727 seconds
Platform modules already initialized, skipping
========================================================================
Worker process is ready to serve import requests
Launched and connected shader compiler UnityShaderCompiler.exe after 0.03 seconds
Refreshing native plugins compatible for Editor in 0.33 ms, found 1 plugins.
Preloading 0 native plugins for Editor in 0.00 ms.
Unloading 1796 Unused Serialized files (Serialized files now loaded: 0)
System memory in use before: 84.3 MB.
System memory in use after: 84.4 MB.

Unloading 19 unused Assets to reduce memory usage. Loaded Objects now: 2243.
Total: 1.509700 ms (FindLiveObjects: 0.173600 ms CreateObjectMapping: 0.056700 ms MarkObjects: 1.230000 ms  DeleteObjects: 0.048500 ms)

========================================================================
Received Import Request.
  path: Assets/Scenes/SampleScene.unity
  artifactKey: Guid(2cda990e2423bbf4892e6590ba056729) Importer(815301076,1909f56bfc062723c751e8b465ee728b)
Start importing Assets/Scenes/SampleScene.unity using Guid(2cda990e2423bbf4892e6590ba056729) Importer(815301076,1909f56bfc062723c751e8b465ee728b)  -> (artifact id: '33ce20e4daf3436e5930250d5cd9008c') in 0.012651 seconds
  Import took 0.015148 seconds .

========================================================================
Received Import Request.
  Time since last request: 9.702834 seconds.
  path: Assets/Scenes/Style Transfer Scene.unity
  artifactKey: Guid(2cda990e2423bbf4892e6590ba056729) Importer(815301076,1909f56bfc062723c751e8b465ee728b)
Start importing Assets/Scenes/Style Transfer Scene.unity using Guid(2cda990e2423bbf4892e6590ba056729) Importer(815301076,1909f56bfc062723c751e8b465ee728b)  -> (artifact id: 'e5de1143313b95d59fa8e953dbaa2660') in 0.008270 seconds
  Import took 0.011054 seconds .

========================================================================
Received Import Request.
  Time since last request: 0.009724 seconds.
  path: Assets/Scenes/Style Transfer Scene.unity
  artifactKey: Guid(2cda990e2423bbf4892e6590ba056729) Importer(815301076,1909f56bfc062723c751e8b465ee728b)
Start importing Assets/Scenes/Style Transfer Scene.unity using Guid(2cda990e2423bbf4892e6590ba056729) Importer(815301076,1909f56bfc062723c751e8b465ee728b)  -> (artifact id: 'e5de1143313b95d59fa8e953dbaa2660') in 0.001468 seconds
  Import took 0.003590 seconds .

========================================================================
Received Import Request.
  Time since last request: 2.441575 seconds.
  path: Assets/Scenes
  artifactKey: Guid(e998792d00fe39b478989fa4dd4417c9) Importer(815301076,1909f56bfc062723c751e8b465ee728b)
Start importing Assets/Scenes using Guid(e998792d00fe39b478989fa4dd4417c9) Importer(815301076,1909f56bfc062723c751e8b465ee728b)  -> (artifact id: '5ca6ffb8973eddcf8ee59599b9e7bf98') in 0.004764 seconds
  Import took 0.007048 seconds .

========================================================================
Received Import Request.
  Time since last request: 12.697082 seconds.
  path: Assets/Scenes/Classsifier Scene.unity
  artifactKey: Guid(28bad46511f58a846aa578d7cd41b47e) Importer(815301076,1909f56bfc062723c751e8b465ee728b)
Start importing Assets/Scenes/Classsifier Scene.unity using Guid(28bad46511f58a846aa578d7cd41b47e) Importer(815301076,1909f56bfc062723c751e8b465ee728b)  -> (artifact id: 'd491a44c38dcc1882d82c106a430d68b') in 0.004964 seconds
  Import took 0.033102 seconds .

AssetImportWorkerClient::OnTransportError - code=2 error=End of file
